Using pre-set license
Built from '2020.3/staging' branch; Version is '2020.3.8f1 (507919d4fff5) revision 5273881'; Using compiler version '192528614'; Build Type 'Release'
OS: 'Windows 10 Pro; OS build 19041.685; Version 2004; 64bit' Language: 'tr' Physical Memory: 16333 MB
BatchMode: 1, IsHumanControllingUs: 0, StartBugReporterOnCrash: 0, Is64bit: 1, IsPro: 0

 COMMAND LINE ARGUMENTS:
C:\Program Files\Unity\Hub\Editor\2020.3.8f1\Editor\Unity.exe
-adb2
-batchMode
-noUpm
-name
AssetImportWorker0
-projectPath
C:/Users/Okan/Desktop/Shooter
-logFile
Logs/AssetImportWorker0.log
-srvPort
49937
Successfully changed project path to: C:/Users/Okan/Desktop/Shooter
C:/Users/Okan/Desktop/Shooter
Using Asset Import Pipeline V2.
Refreshing native plugins compatible for Editor in 61.29 ms, found 3 plugins.
Preloading 0 native plugins for Editor in 0.00 ms.
Initialize engine version: 2020.3.8f1 (507919d4fff5)
[Subsystems] Discovering subsystems at path C:/Program Files/Unity/Hub/Editor/2020.3.8f1/Editor/Data/Resources/UnitySubsystems
[Subsystems] Discovering subsystems at path C:/Users/Okan/Desktop/Shooter/Assets
GfxDevice: creating device client; threaded=0
Direct3D:
    Version:  Direct3D 11.0 [level 11.1]
    Renderer: NVIDIA GeForce RTX 2060 SUPER (ID=0x1f06)
    Vendor:   
    VRAM:     8031 MB
    Driver:   27.21.14.6611
Shader 'Universal Render Pipeline/Particles/Lit': fallback shader 'Universal Render Pipeline/Particles/SimpleLit' not found
Initialize mono
Mono path[0] = 'C:/Program Files/Unity/Hub/Editor/2020.3.8f1/Editor/Data/Managed'
Mono path[1] = 'C:/Program Files/Unity/Hub/Editor/2020.3.8f1/Editor/Data/MonoBleedingEdge/lib/mono/unityjit'
Mono config path = 'C:/Program Files/Unity/Hub/Editor/2020.3.8f1/Editor/Data/MonoBleedingEdge/etc'
Using monoOptions --debugger-agent=transport=dt_socket,embedding=1,server=y,suspend=n,address=127.0.0.1:56064
Begin MonoManager ReloadAssembly
Registering precompiled unity dll's ...
Register platform support module: C:/Program Files/Unity/Hub/Editor/2020.3.8f1/Editor/Data/PlaybackEngines/WindowsStandaloneSupport/UnityEditor.WindowsStandalone.Extensions.dll
Registered in 0.001460 seconds.
Native extension for WindowsStandalone target not found
Refreshing native plugins compatible for Editor in 57.06 ms, found 3 plugins.
Preloading 0 native plugins for Editor in 0.00 ms.
Mono: successfully reloaded assembly
- Completed reload, in  1.702 seconds
Platform modules already initialized, skipping
Registering precompiled user dll's ...
Registered in 0.007500 seconds.
Begin MonoManager ReloadAssembly
Native extension for WindowsStandalone target not found
Refreshing native plugins compatible for Editor in 55.89 ms, found 3 plugins.
Preloading 0 native plugins for Editor in 0.00 ms.
Mono: successfully reloaded assembly
- Completed reload, in  1.236 seconds
Platform modules already initialized, skipping
========================================================================
Worker process is ready to serve import requests
Shader 'Universal Render Pipeline/Particles/Lit': fallback shader 'Universal Render Pipeline/Particles/SimpleLit' not found
Launched and connected shader compiler UnityShaderCompiler.exe after 0.04 seconds
Refreshing native plugins compatible for Editor in 1.59 ms, found 3 plugins.
Preloading 0 native plugins for Editor in 0.00 ms.
Unloading 3358 Unused Serialized files (Serialized files now loaded: 0)
System memory in use before: 145.1 MB.
System memory in use after: 145.3 MB.

Unloading 37 unused Assets to reduce memory usage. Loaded Objects now: 3839.
Total: 20.566000 ms (FindLiveObjects: 0.654300 ms CreateObjectMapping: 0.149100 ms MarkObjects: 19.670500 ms  DeleteObjects: 0.090100 ms)

========================================================================
Received Import Request.
  path: Assets/Resources/Data/CD_Pool.asset
  artifactKey: Guid(532dea8bedda1154d8c2c3f942cf6cc0) Importer(815301076,1909f56bfc062723c751e8b465ee728b)
Start importing Assets/Resources/Data/CD_Pool.asset using Guid(532dea8bedda1154d8c2c3f942cf6cc0) Importer(815301076,1909f56bfc062723c751e8b465ee728b)  -> (artifact id: '2e881a77faf233e6170188a97aee09e3') in 0.137932 seconds
  Import took 0.143805 seconds .

========================================================================
Received Prepare
Registering precompiled user dll's ...
Registered in 0.007369 seconds.
Begin MonoManager ReloadAssembly
Native extension for WindowsStandalone target not found
Refreshing native plugins compatible for Editor in 0.68 ms, found 3 plugins.
Preloading 0 native plugins for Editor in 0.00 ms.
Mono: successfully reloaded assembly
- Completed reload, in  1.132 seconds
Platform modules already initialized, skipping
Shader 'Universal Render Pipeline/Particles/Lit': fallback shader 'Universal Render Pipeline/Particles/SimpleLit' not found
Refreshing native plugins compatible for Editor in 0.71 ms, found 3 plugins.
Preloading 0 native plugins for Editor in 0.00 ms.
Unloading 3227 Unused Serialized files (Serialized files now loaded: 0)
System memory in use before: 136.1 MB.
System memory in use after: 136.4 MB.

Unloading 32 unused Assets to reduce memory usage. Loaded Objects now: 3843.
Total: 21.545600 ms (FindLiveObjects: 0.365800 ms CreateObjectMapping: 0.085800 ms MarkObjects: 21.061400 ms  DeleteObjects: 0.031600 ms)

========================================================================
Received Prepare
Registering precompiled user dll's ...
Registered in 0.008401 seconds.
Begin MonoManager ReloadAssembly
Native extension for WindowsStandalone target not found
Refreshing native plugins compatible for Editor in 0.65 ms, found 3 plugins.
Preloading 0 native plugins for Editor in 0.00 ms.
Mono: successfully reloaded assembly
- Completed reload, in  1.144 seconds
Platform modules already initialized, skipping
Shader 'Universal Render Pipeline/Particles/Lit': fallback shader 'Universal Render Pipeline/Particles/SimpleLit' not found
Refreshing native plugins compatible for Editor in 0.79 ms, found 3 plugins.
Preloading 0 native plugins for Editor in 0.00 ms.
Unloading 3227 Unused Serialized files (Serialized files now loaded: 0)
System memory in use before: 136.2 MB.
System memory in use after: 136.4 MB.

Unloading 32 unused Assets to reduce memory usage. Loaded Objects now: 3846.
Total: 19.578400 ms (FindLiveObjects: 0.408000 ms CreateObjectMapping: 0.101800 ms MarkObjects: 19.037000 ms  DeleteObjects: 0.030300 ms)

========================================================================
Received Prepare
Registering precompiled user dll's ...
Registered in 0.007158 seconds.
Begin MonoManager ReloadAssembly
Native extension for WindowsStandalone target not found
Refreshing native plugins compatible for Editor in 0.79 ms, found 3 plugins.
Preloading 0 native plugins for Editor in 0.00 ms.
Mono: successfully reloaded assembly
- Completed reload, in  1.120 seconds
Platform modules already initialized, skipping
Shader 'Universal Render Pipeline/Particles/Lit': fallback shader 'Universal Render Pipeline/Particles/SimpleLit' not found
Refreshing native plugins compatible for Editor in 0.69 ms, found 3 plugins.
Preloading 0 native plugins for Editor in 0.00 ms.
Unloading 3227 Unused Serialized files (Serialized files now loaded: 0)
System memory in use before: 136.2 MB.
System memory in use after: 136.5 MB.

Unloading 32 unused Assets to reduce memory usage. Loaded Objects now: 3849.
Total: 18.888300 ms (FindLiveObjects: 0.350300 ms CreateObjectMapping: 0.084000 ms MarkObjects: 18.422100 ms  DeleteObjects: 0.030300 ms)

========================================================================
Received Prepare
Registering precompiled user dll's ...
Registered in 0.007732 seconds.
Begin MonoManager ReloadAssembly
Native extension for WindowsStandalone target not found
Refreshing native plugins compatible for Editor in 0.67 ms, found 3 plugins.
Preloading 0 native plugins for Editor in 0.00 ms.
Mono: successfully reloaded assembly
- Completed reload, in  1.059 seconds
Platform modules already initialized, skipping
Shader 'Universal Render Pipeline/Particles/Lit': fallback shader 'Universal Render Pipeline/Particles/SimpleLit' not found
Refreshing native plugins compatible for Editor in 0.71 ms, found 3 plugins.
Preloading 0 native plugins for Editor in 0.00 ms.
Unloading 3227 Unused Serialized files (Serialized files now loaded: 0)
System memory in use before: 136.3 MB.
System memory in use after: 136.5 MB.

Unloading 32 unused Assets to reduce memory usage. Loaded Objects now: 3852.
Total: 19.770800 ms (FindLiveObjects: 0.305300 ms CreateObjectMapping: 0.081900 ms MarkObjects: 19.353200 ms  DeleteObjects: 0.028300 ms)

========================================================================
Received Prepare
Registering precompiled user dll's ...
Registered in 0.007457 seconds.
Begin MonoManager ReloadAssembly
Native extension for WindowsStandalone target not found
Refreshing native plugins compatible for Editor in 0.71 ms, found 3 plugins.
Preloading 0 native plugins for Editor in 0.00 ms.
Mono: successfully reloaded assembly
- Completed reload, in  1.083 seconds
Platform modules already initialized, skipping
Shader 'Universal Render Pipeline/Particles/Lit': fallback shader 'Universal Render Pipeline/Particles/SimpleLit' not found
Refreshing native plugins compatible for Editor in 0.81 ms, found 3 plugins.
Preloading 0 native plugins for Editor in 0.00 ms.
Unloading 3227 Unused Serialized files (Serialized files now loaded: 0)
System memory in use before: 136.3 MB.
System memory in use after: 136.5 MB.

Unloading 32 unused Assets to reduce memory usage. Loaded Objects now: 3855.
Total: 19.421400 ms (FindLiveObjects: 0.519100 ms CreateObjectMapping: 0.097400 ms MarkObjects: 18.773400 ms  DeleteObjects: 0.030000 ms)

========================================================================
Received Import Request.
  Time since last request: 830.933560 seconds.
  path: Packages/rich-base
  artifactKey: Guid(1e183ad82b34ffeee82ab446e1396e9d) Importer(815301076,1909f56bfc062723c751e8b465ee728b)
Start importing Packages/rich-base using Guid(1e183ad82b34ffeee82ab446e1396e9d) Importer(815301076,1909f56bfc062723c751e8b465ee728b)  -> (artifact id: '6eecf96b94233b68b95845efa8ad85a9') in 0.013814 seconds
  Import took 0.019388 seconds .

========================================================================
Received Import Request.
  Time since last request: 0.045752 seconds.
  path: Packages/rich-base/package.json
  artifactKey: Guid(33cdc8ada5b3b25458857d0bc76e0cfc) Importer(815301076,1909f56bfc062723c751e8b465ee728b)
Start importing Packages/rich-base/package.json using Guid(33cdc8ada5b3b25458857d0bc76e0cfc) Importer(815301076,1909f56bfc062723c751e8b465ee728b)  -> (artifact id: 'e5acc8c9f3ba2b56aafc74ca0dc0a4ed') in 0.038211 seconds
  Import took 0.043288 seconds .

========================================================================
Received Import Request.
  Time since last request: 1.190067 seconds.
  path: Packages/rich-base/Assets
  artifactKey: Guid(b858fc3b1c4b80747ac5472e98d2c6b5) Importer(815301076,1909f56bfc062723c751e8b465ee728b)
Start importing Packages/rich-base/Assets using Guid(b858fc3b1c4b80747ac5472e98d2c6b5) Importer(815301076,1909f56bfc062723c751e8b465ee728b)  -> (artifact id: '382f5f70395979cd95c005b82cd91ec6') in 0.006464 seconds
  Import took 0.012140 seconds .

========================================================================
Received Prepare
Registering precompiled user dll's ...
Registered in 0.009196 seconds.
Begin MonoManager ReloadAssembly
Native extension for WindowsStandalone target not found
Refreshing native plugins compatible for Editor in 0.71 ms, found 3 plugins.
Preloading 0 native plugins for Editor in 0.00 ms.
Mono: successfully reloaded assembly
- Completed reload, in  1.243 seconds
Platform modules already initialized, skipping
Shader 'Universal Render Pipeline/Particles/Lit': fallback shader 'Universal Render Pipeline/Particles/SimpleLit' not found
Refreshing native plugins compatible for Editor in 1.02 ms, found 3 plugins.
Preloading 0 native plugins for Editor in 0.00 ms.
Unloading 3227 Unused Serialized files (Serialized files now loaded: 0)
System memory in use before: 136.3 MB.
System memory in use after: 136.5 MB.

Unloading 32 unused Assets to reduce memory usage. Loaded Objects now: 3858.
Total: 21.307800 ms (FindLiveObjects: 0.478600 ms CreateObjectMapping: 0.186600 ms MarkObjects: 20.614700 ms  DeleteObjects: 0.026100 ms)

========================================================================
Received Prepare
Registering precompiled user dll's ...
Registered in 0.007896 seconds.
Begin MonoManager ReloadAssembly
Native extension for WindowsStandalone target not found
Refreshing native plugins compatible for Editor in 0.67 ms, found 3 plugins.
Preloading 0 native plugins for Editor in 0.00 ms.
Mono: successfully reloaded assembly
- Completed reload, in  1.110 seconds
Platform modules already initialized, skipping
Shader 'Universal Render Pipeline/Particles/Lit': fallback shader 'Universal Render Pipeline/Particles/SimpleLit' not found
Refreshing native plugins compatible for Editor in 0.97 ms, found 3 plugins.
Preloading 0 native plugins for Editor in 0.00 ms.
Unloading 3227 Unused Serialized files (Serialized files now loaded: 0)
System memory in use before: 136.3 MB.
System memory in use after: 136.5 MB.

Unloading 32 unused Assets to reduce memory usage. Loaded Objects now: 3861.
Total: 19.395900 ms (FindLiveObjects: 0.442300 ms CreateObjectMapping: 0.080600 ms MarkObjects: 18.844100 ms  DeleteObjects: 0.027100 ms)

========================================================================
Received Prepare
Registering precompiled user dll's ...
Registered in 0.007653 seconds.
Begin MonoManager ReloadAssembly
Native extension for WindowsStandalone target not found
Refreshing native plugins compatible for Editor in 0.67 ms, found 3 plugins.
Preloading 0 native plugins for Editor in 0.00 ms.
Mono: successfully reloaded assembly
- Completed reload, in  1.081 seconds
Platform modules already initialized, skipping
Shader 'Universal Render Pipeline/Particles/Lit': fallback shader 'Universal Render Pipeline/Particles/SimpleLit' not found
Refreshing native plugins compatible for Editor in 0.80 ms, found 3 plugins.
Preloading 0 native plugins for Editor in 0.00 ms.
Unloading 3227 Unused Serialized files (Serialized files now loaded: 0)
System memory in use before: 136.3 MB.
System memory in use after: 136.5 MB.

Unloading 32 unused Assets to reduce memory usage. Loaded Objects now: 3864.
Total: 19.724000 ms (FindLiveObjects: 0.344500 ms CreateObjectMapping: 0.081600 ms MarkObjects: 19.262600 ms  DeleteObjects: 0.033400 ms)

========================================================================
Received Import Request.
  Time since last request: 629.561345 seconds.
  path: Assets/Resources/Data/CD_Pool.asset
  artifactKey: Guid(532dea8bedda1154d8c2c3f942cf6cc0) Importer(815301076,1909f56bfc062723c751e8b465ee728b)
Start importing Assets/Resources/Data/CD_Pool.asset using Guid(532dea8bedda1154d8c2c3f942cf6cc0) Importer(815301076,1909f56bfc062723c751e8b465ee728b)  -> (artifact id: 'e03527eb071bd2a659cf12adf6af3e27') in 0.102572 seconds
  Import took 0.107579 seconds .

========================================================================
Received Prepare
Registering precompiled user dll's ...
Registered in 0.007525 seconds.
Begin MonoManager ReloadAssembly
Native extension for WindowsStandalone target not found
Refreshing native plugins compatible for Editor in 0.93 ms, found 3 plugins.
Preloading 0 native plugins for Editor in 0.00 ms.
Mono: successfully reloaded assembly
- Completed reload, in  1.066 seconds
Platform modules already initialized, skipping
Shader 'Universal Render Pipeline/Particles/Lit': fallback shader 'Universal Render Pipeline/Particles/SimpleLit' not found
Refreshing native plugins compatible for Editor in 0.70 ms, found 3 plugins.
Preloading 0 native plugins for Editor in 0.00 ms.
Unloading 3227 Unused Serialized files (Serialized files now loaded: 0)
System memory in use before: 136.3 MB.
System memory in use after: 136.5 MB.

Unloading 32 unused Assets to reduce memory usage. Loaded Objects now: 3867.
Total: 18.775100 ms (FindLiveObjects: 0.430600 ms CreateObjectMapping: 0.083700 ms MarkObjects: 18.232900 ms  DeleteObjects: 0.026600 ms)

========================================================================
Received Import Request.
  Time since last request: 144.588173 seconds.
  path: Assets/Resources/Screen
  artifactKey: Guid(7bba47311839ce54284e8470f8d44dfd) Importer(815301076,1909f56bfc062723c751e8b465ee728b)
Start importing Assets/Resources/Screen using Guid(7bba47311839ce54284e8470f8d44dfd) Importer(815301076,1909f56bfc062723c751e8b465ee728b)  -> (artifact id: '72d794919cb818aec129e55d86f644e7') in 0.009770 seconds
  Import took 0.014926 seconds .

========================================================================
Received Import Request.
  Time since last request: 0.049315 seconds.
  path: Assets/Resources/Screen/AnTest.prefab
  artifactKey: Guid(35ddf57b1619b144abd941dc6b8db0fb) Importer(815301076,1909f56bfc062723c751e8b465ee728b)
Start importing Assets/Resources/Screen/AnTest.prefab using Guid(35ddf57b1619b144abd941dc6b8db0fb) Importer(815301076,1909f56bfc062723c751e8b465ee728b)  -> (artifact id: '6015add1291e3f8236fe84691fa0c2da') in 0.029437 seconds
  Import took 0.034305 seconds .

========================================================================
Received Import Request.
  Time since last request: 0.000156 seconds.
  path: Assets/Resources/Screen/TestForProj.prefab
  artifactKey: Guid(9a80b7ab9f754294c8000915bff61271) Importer(815301076,1909f56bfc062723c751e8b465ee728b)
Start importing Assets/Resources/Screen/TestForProj.prefab using Guid(9a80b7ab9f754294c8000915bff61271) Importer(815301076,1909f56bfc062723c751e8b465ee728b)  -> (artifact id: '669d7ef83890b79943a42bd5454782cb') in 0.007786 seconds
  Import took 0.012151 seconds .

========================================================================
Received Import Request.
  Time since last request: 8.133898 seconds.
  path: Assets/Resources/Screens
  artifactKey: Guid(5fa29ef150e45b04c9f1c2847788c92f) Importer(815301076,1909f56bfc062723c751e8b465ee728b)
Start importing Assets/Resources/Screens using Guid(5fa29ef150e45b04c9f1c2847788c92f) Importer(815301076,1909f56bfc062723c751e8b465ee728b)  -> (artifact id: '75dd7d9b51fab4bec46c16fcbbc18310') in 0.006062 seconds
  Import took 0.012740 seconds .

========================================================================
Received Import Request.
  Time since last request: 5.403421 seconds.
  path: Assets/Scripts/Runtime/Mediators/Screen
  artifactKey: Guid(43101f4b1e0b40c4787668356f5c06f2) Importer(815301076,1909f56bfc062723c751e8b465ee728b)
Start importing Assets/Scripts/Runtime/Mediators/Screen using Guid(43101f4b1e0b40c4787668356f5c06f2) Importer(815301076,1909f56bfc062723c751e8b465ee728b)  -> (artifact id: '481110cf4d2a39991c0321d5add8fbef') in 0.002191 seconds
  Import took 0.006986 seconds .

========================================================================
Received Import Request.
  Time since last request: 0.003212 seconds.
  path: Assets/Scripts/Runtime/Mediators/Screen
  artifactKey: Guid(43101f4b1e0b40c4787668356f5c06f2) Importer(815301076,1909f56bfc062723c751e8b465ee728b)
Start importing Assets/Scripts/Runtime/Mediators/Screen using Guid(43101f4b1e0b40c4787668356f5c06f2) Importer(815301076,1909f56bfc062723c751e8b465ee728b)  -> (artifact id: '481110cf4d2a39991c0321d5add8fbef') in 0.002148 seconds
  Import took 0.006919 seconds .

========================================================================
Received Import Request.
  Time since last request: 0.365546 seconds.
  path: Assets/Scripts/Runtime/Views/Screen
  artifactKey: Guid(fda7735913dd355429ab7d17df292e42) Importer(815301076,1909f56bfc062723c751e8b465ee728b)
Start importing Assets/Scripts/Runtime/Views/Screen using Guid(fda7735913dd355429ab7d17df292e42) Importer(815301076,1909f56bfc062723c751e8b465ee728b)  -> (artifact id: 'd19c02dd2c6bdc434cab3f90cd91bbed') in 0.002158 seconds
  Import took 0.008722 seconds .

========================================================================
Received Import Request.
  Time since last request: 3.053177 seconds.
  path: Assets/Standard Assets/Core/Tools/StompyRobot/SRDebugger/UI/Prefabs/Options/Category.prefab
  artifactKey: Guid(d866070c81c4ea749b60d2854567cea1) Importer(815301076,1909f56bfc062723c751e8b465ee728b)
Start importing Assets/Standard Assets/Core/Tools/StompyRobot/SRDebugger/UI/Prefabs/Options/Category.prefab using Guid(d866070c81c4ea749b60d2854567cea1) Importer(815301076,1909f56bfc062723c751e8b465ee728b)  -> (artifact id: '57c7767671fd41436bcb18b578c098a5') in 0.032523 seconds
  Import took 0.038034 seconds .

========================================================================
Received Import Request.
  Time since last request: 0.000168 seconds.
  path: Assets/Standard Assets/Core/Art/Confetti FX/Materials/3D Materials/Heart/ConfettiHeartYellow.mat
  artifactKey: Guid(d4b63a598b6172b49b4cda74c1ee5819) Importer(815301076,1909f56bfc062723c751e8b465ee728b)
Start importing Assets/Standard Assets/Core/Art/Confetti FX/Materials/3D Materials/Heart/ConfettiHeartYellow.mat using Guid(d4b63a598b6172b49b4cda74c1ee5819) Importer(815301076,1909f56bfc062723c751e8b465ee728b)  -> (artifact id: '157071515b7169cdcc3895676caa8522') in 0.206872 seconds
  Import took 0.212075 seconds .

========================================================================
Received Import Request.
  Time since last request: 0.000161 seconds.
  path: Assets/Standard Assets/Core/Art/Confetti FX/Prefabs/3D/Explosion/ConfettiExplosionYellow.prefab
  artifactKey: Guid(62149f8009bcc9c4db087e1508d8a73b) Importer(815301076,1909f56bfc062723c751e8b465ee728b)
Start importing Assets/Standard Assets/Core/Art/Confetti FX/Prefabs/3D/Explosion/ConfettiExplosionYellow.prefab using Guid(62149f8009bcc9c4db087e1508d8a73b) Importer(815301076,1909f56bfc062723c751e8b465ee728b)  -> (artifact id: 'c8dfa690f7f85e0263d4a1cc8c6962a2') in 0.018770 seconds
  Import took 0.023662 seconds .

========================================================================
Received Import Request.
  Time since last request: 0.000135 seconds.
  path: Assets/Standard Assets/Core/Art/ProceduralUIImage/Demo/Icons/copy.png
  artifactKey: Guid(5a984bff39e031944bdd8fc5ae443bd8) Importer(815301076,1909f56bfc062723c751e8b465ee728b)
Start importing Assets/Standard Assets/Core/Art/ProceduralUIImage/Demo/Icons/copy.png using Guid(5a984bff39e031944bdd8fc5ae443bd8) Importer(815301076,1909f56bfc062723c751e8b465ee728b)  -> (artifact id: '017be738902a7aecaa07e1cb186b1de1') in 0.059403 seconds
  Import took 0.064243 seconds .

========================================================================
Received Import Request.
  Time since last request: 0.000207 seconds.
  path: Assets/Standard Assets/Core/Art/Confetti FX/Prefabs/3D/Fountain/ConfettiFountainYellow.prefab
  artifactKey: Guid(ffd79c729d40c664daad1472c2aac2c3) Importer(815301076,1909f56bfc062723c751e8b465ee728b)
Start importing Assets/Standard Assets/Core/Art/Confetti FX/Prefabs/3D/Fountain/ConfettiFountainYellow.prefab using Guid(ffd79c729d40c664daad1472c2aac2c3) Importer(815301076,1909f56bfc062723c751e8b465ee728b)  -> (artifact id: '9605661eb126fb3e28b8dc3c7c5bda06') in 0.008729 seconds
  Import took 0.014146 seconds .

========================================================================
Received Import Request.
  Time since last request: 0.000213 seconds.
  path: Assets/TextMesh Pro/Resources/Style Sheets/Default Style Sheet.asset
  artifactKey: Guid(f952c082cb03451daed3ee968ac6c63e) Importer(815301076,1909f56bfc062723c751e8b465ee728b)
Start importing Assets/TextMesh Pro/Resources/Style Sheets/Default Style Sheet.asset using Guid(f952c082cb03451daed3ee968ac6c63e) Importer(815301076,1909f56bfc062723c751e8b465ee728b)  -> (artifact id: 'b14d22eeef4e51a37630c3a68e3508ed') in 0.007464 seconds
  Import took 0.012715 seconds .

========================================================================
Received Import Request.
  Time since last request: 0.000222 seconds.
  path: Assets/Standard Assets/Core/Art/Confetti FX/Materials/3D Materials/ConfettiYellow.mat
  artifactKey: Guid(cbe4b53ccbdab374b8047a7ea4b9366a) Importer(815301076,1909f56bfc062723c751e8b465ee728b)
Start importing Assets/Standard Assets/Core/Art/Confetti FX/Materials/3D Materials/ConfettiYellow.mat using Guid(cbe4b53ccbdab374b8047a7ea4b9366a) Importer(815301076,1909f56bfc062723c751e8b465ee728b)  -> (artifact id: '2b32bd29dc093d64ba9c1aced88433de') in 0.044055 seconds
  Import took 0.049335 seconds .

========================================================================
Received Import Request.
  Time since last request: 0.000200 seconds.
  path: Assets/Standard Assets/Core/Art/Confetti FX/Prefabs/3D/DirectionalExplosion/ConfettiDirectionalYellow.prefab
  artifactKey: Guid(58ba1576c9f04b342889957eb734c3cc) Importer(815301076,1909f56bfc062723c751e8b465ee728b)
Start importing Assets/Standard Assets/Core/Art/Confetti FX/Prefabs/3D/DirectionalExplosion/ConfettiDirectionalYellow.prefab using Guid(58ba1576c9f04b342889957eb734c3cc) Importer(815301076,1909f56bfc062723c751e8b465ee728b)  -> (artifact id: '6352028b08f9e1120694fbc0a60e32c9') in 0.008144 seconds
  Import took 0.013357 seconds .

========================================================================
Received Import Request.
  Time since last request: 2.816863 seconds.
  path: Assets/Standard Assets/Core/Tools/Demigiant/DemiLib/Core/Editor/Imgs/ico_ui.png
  artifactKey: Guid(cb46e1d925af22d43a6f8bf0e1d459e6) Importer(815301076,1909f56bfc062723c751e8b465ee728b)
Start importing Assets/Standard Assets/Core/Tools/Demigiant/DemiLib/Core/Editor/Imgs/ico_ui.png using Guid(cb46e1d925af22d43a6f8bf0e1d459e6) Importer(815301076,1909f56bfc062723c751e8b465ee728b)  -> (artifact id: 'a0e94c79e6e87c8eff5b1415f4081e88') in 0.015464 seconds
  Import took 0.020510 seconds .

========================================================================
Received Import Request.
  Time since last request: 0.000165 seconds.
  path: Assets/Standard Assets/Core/Tools/StompyRobot/SRDebugger/Resources/SRDebugger/UI/Prefabs/PinnedUI.prefab
  artifactKey: Guid(bb4f9efb6ebc3b84cae1ddbccbd53c6f) Importer(815301076,1909f56bfc062723c751e8b465ee728b)
Start importing Assets/Standard Assets/Core/Tools/StompyRobot/SRDebugger/Resources/SRDebugger/UI/Prefabs/PinnedUI.prefab using Guid(bb4f9efb6ebc3b84cae1ddbccbd53c6f) Importer(815301076,1909f56bfc062723c751e8b465ee728b)  -> (artifact id: '9c1b88eae56d649e9aee42fcb264eeb3') in 0.201544 seconds
  Import took 0.206700 seconds .

========================================================================
Received Import Request.
  Time since last request: 0.000183 seconds.
  path: Assets/Standard Assets/Core/Tools/Demigiant/DemiLib/Core/Editor/Imgs/ico_ui_border.png
  artifactKey: Guid(c0c40ceac3c6df146a0fcd4e6b226540) Importer(815301076,1909f56bfc062723c751e8b465ee728b)
Start importing Assets/Standard Assets/Core/Tools/Demigiant/DemiLib/Core/Editor/Imgs/ico_ui_border.png using Guid(c0c40ceac3c6df146a0fcd4e6b226540) Importer(815301076,1909f56bfc062723c751e8b465ee728b)  -> (artifact id: 'f6d419ae455fd1f31293747c1edfec7f') in 0.014923 seconds
  Import took 0.019323 seconds .

========================================================================
Received Import Request.
  Time since last request: 0.000170 seconds.
  path: Assets/Standard Assets/Core/Art/ProceduralUIImage/Resources/procedural_ui_image_default_sprite.png
  artifactKey: Guid(3f91331724a9da84197e9b6d94f0483c) Importer(815301076,1909f56bfc062723c751e8b465ee728b)
Start importing Assets/Standard Assets/Core/Art/ProceduralUIImage/Resources/procedural_ui_image_default_sprite.png using Guid(3f91331724a9da84197e9b6d94f0483c) Importer(815301076,1909f56bfc062723c751e8b465ee728b)  -> (artifact id: '34d861193ab6b3b500165cb2da458b6f') in 0.019852 seconds
  Import took 0.025358 seconds .

========================================================================
Received Import Request.
  Time since last request: 0.009652 seconds.
  path: Assets/Standard Assets/Core/Art/ProceduralUIImage/Resources/procedural_ui_image_default_sprite.png
  artifactKey: Guid(3f91331724a9da84197e9b6d94f0483c) Importer(815301076,1909f56bfc062723c751e8b465ee728b)
Start importing Assets/Standard Assets/Core/Art/ProceduralUIImage/Resources/procedural_ui_image_default_sprite.png using Guid(3f91331724a9da84197e9b6d94f0483c) Importer(815301076,1909f56bfc062723c751e8b465ee728b)  -> (artifact id: '34d861193ab6b3b500165cb2da458b6f') in 0.012539 seconds
  Import took 0.017728 seconds .

========================================================================
Received Import Request.
  Time since last request: 2.518106 seconds.
  path: Assets/Standard Assets/Core/Tools/StompyRobot/SRDebugger/Resources/SRDebugger/UI/Prefabs/PinnedUI.prefab
  artifactKey: Guid(bb4f9efb6ebc3b84cae1ddbccbd53c6f) Importer(815301076,1909f56bfc062723c751e8b465ee728b)
Start importing Assets/Standard Assets/Core/Tools/StompyRobot/SRDebugger/Resources/SRDebugger/UI/Prefabs/PinnedUI.prefab using Guid(bb4f9efb6ebc3b84cae1ddbccbd53c6f) Importer(815301076,1909f56bfc062723c751e8b465ee728b)  -> (artifact id: 'aae60f35bba2019d7718db917f57619b') in 0.017942 seconds
  Import took 0.024191 seconds .

========================================================================
Received Import Request.
  Time since last request: 11.115790 seconds.
  path: Assets/Plugins/Sirenix/Odin Inspector/Config/Editor/ColorPaletteManager.asset
  artifactKey: Guid(d33809516e8870b46afb4bd56e76d8ce) Importer(815301076,1909f56bfc062723c751e8b465ee728b)
Start importing Assets/Plugins/Sirenix/Odin Inspector/Config/Editor/ColorPaletteManager.asset using Guid(d33809516e8870b46afb4bd56e76d8ce) Importer(815301076,1909f56bfc062723c751e8b465ee728b)  -> (artifact id: '71466d0002bc0123e87fa87a11a77fc0') in 0.010035 seconds
  Import took 0.015126 seconds .

========================================================================
Received Prepare
Registering precompiled user dll's ...
Registered in 0.007348 seconds.
Begin MonoManager ReloadAssembly
Native extension for WindowsStandalone target not found
Refreshing native plugins compatible for Editor in 0.69 ms, found 3 plugins.
Preloading 0 native plugins for Editor in 0.00 ms.
Mono: successfully reloaded assembly
- Completed reload, in  1.139 seconds
Platform modules already initialized, skipping
Shader 'Universal Render Pipeline/Particles/Lit': fallback shader 'Universal Render Pipeline/Particles/SimpleLit' not found
Refreshing native plugins compatible for Editor in 0.68 ms, found 3 plugins.
Preloading 0 native plugins for Editor in 0.00 ms.
Unloading 3227 Unused Serialized files (Serialized files now loaded: 0)
System memory in use before: 142.2 MB.
System memory in use after: 142.4 MB.

Unloading 32 unused Assets to reduce memory usage. Loaded Objects now: 3954.
Total: 20.084000 ms (FindLiveObjects: 0.304400 ms CreateObjectMapping: 0.083300 ms MarkObjects: 19.666200 ms  DeleteObjects: 0.028600 ms)

========================================================================
Received Prepare
Registering precompiled user dll's ...
Registered in 0.007217 seconds.
Begin MonoManager ReloadAssembly
Native extension for WindowsStandalone target not found
Refreshing native plugins compatible for Editor in 0.80 ms, found 3 plugins.
Preloading 0 native plugins for Editor in 0.00 ms.
Mono: successfully reloaded assembly
- Completed reload, in  1.106 seconds
Platform modules already initialized, skipping
Shader 'Universal Render Pipeline/Particles/Lit': fallback shader 'Universal Render Pipeline/Particles/SimpleLit' not found
Refreshing native plugins compatible for Editor in 0.84 ms, found 3 plugins.
Preloading 0 native plugins for Editor in 0.00 ms.
Unloading 3227 Unused Serialized files (Serialized files now loaded: 0)
System memory in use before: 142.2 MB.
System memory in use after: 142.4 MB.

Unloading 32 unused Assets to reduce memory usage. Loaded Objects now: 3957.
Total: 20.325000 ms (FindLiveObjects: 0.466000 ms CreateObjectMapping: 0.091400 ms MarkObjects: 19.733600 ms  DeleteObjects: 0.032000 ms)

========================================================================
Received Prepare
Registering precompiled user dll's ...
Registered in 0.007589 seconds.
Begin MonoManager ReloadAssembly
Native extension for WindowsStandalone target not found
Refreshing native plugins compatible for Editor in 0.73 ms, found 3 plugins.
Preloading 0 native plugins for Editor in 0.00 ms.
Mono: successfully reloaded assembly
- Completed reload, in  1.134 seconds
Platform modules already initialized, skipping
Shader 'Universal Render Pipeline/Particles/Lit': fallback shader 'Universal Render Pipeline/Particles/SimpleLit' not found
Refreshing native plugins compatible for Editor in 0.71 ms, found 3 plugins.
Preloading 0 native plugins for Editor in 0.00 ms.
Unloading 3227 Unused Serialized files (Serialized files now loaded: 0)
System memory in use before: 142.2 MB.
System memory in use after: 142.4 MB.

Unloading 32 unused Assets to reduce memory usage. Loaded Objects now: 3960.
Total: 21.580400 ms (FindLiveObjects: 0.419000 ms CreateObjectMapping: 0.085600 ms MarkObjects: 21.038800 ms  DeleteObjects: 0.035200 ms)

========================================================================
Received Prepare
Registering precompiled user dll's ...
Registered in 0.008035 seconds.
Begin MonoManager ReloadAssembly
Native extension for WindowsStandalone target not found
Refreshing native plugins compatible for Editor in 0.66 ms, found 3 plugins.
Preloading 0 native plugins for Editor in 0.00 ms.
Mono: successfully reloaded assembly
- Completed reload, in  1.075 seconds
Platform modules already initialized, skipping
Shader 'Universal Render Pipeline/Particles/Lit': fallback shader 'Universal Render Pipeline/Particles/SimpleLit' not found
Refreshing native plugins compatible for Editor in 0.71 ms, found 3 plugins.
Preloading 0 native plugins for Editor in 0.00 ms.
Unloading 3227 Unused Serialized files (Serialized files now loaded: 0)
System memory in use before: 142.2 MB.
System memory in use after: 142.5 MB.

Unloading 32 unused Assets to reduce memory usage. Loaded Objects now: 3963.
Total: 19.155500 ms (FindLiveObjects: 0.383600 ms CreateObjectMapping: 0.100900 ms MarkObjects: 18.644800 ms  DeleteObjects: 0.025000 ms)

========================================================================
Received Prepare
Registering precompiled user dll's ...
Registered in 0.007385 seconds.
Begin MonoManager ReloadAssembly
Native extension for WindowsStandalone target not found
Refreshing native plugins compatible for Editor in 0.76 ms, found 3 plugins.
Preloading 0 native plugins for Editor in 0.00 ms.
Mono: successfully reloaded assembly
- Completed reload, in  1.109 seconds
Platform modules already initialized, skipping
Shader 'Universal Render Pipeline/Particles/Lit': fallback shader 'Universal Render Pipeline/Particles/SimpleLit' not found
Refreshing native plugins compatible for Editor in 0.77 ms, found 3 plugins.
Preloading 0 native plugins for Editor in 0.00 ms.
Unloading 3227 Unused Serialized files (Serialized files now loaded: 0)
System memory in use before: 142.2 MB.
System memory in use after: 142.5 MB.

Unloading 32 unused Assets to reduce memory usage. Loaded Objects now: 3966.
Total: 18.808700 ms (FindLiveObjects: 0.328900 ms CreateObjectMapping: 0.082800 ms MarkObjects: 18.371400 ms  DeleteObjects: 0.024200 ms)

========================================================================
Received Prepare
Registering precompiled user dll's ...
Registered in 0.008254 seconds.
Begin MonoManager ReloadAssembly
Native extension for WindowsStandalone target not found
Refreshing native plugins compatible for Editor in 0.67 ms, found 3 plugins.
Preloading 0 native plugins for Editor in 0.00 ms.
Mono: successfully reloaded assembly
- Completed reload, in  1.083 seconds
Platform modules already initialized, skipping
Shader 'Universal Render Pipeline/Particles/Lit': fallback shader 'Universal Render Pipeline/Particles/SimpleLit' not found
Refreshing native plugins compatible for Editor in 0.69 ms, found 3 plugins.
Preloading 0 native plugins for Editor in 0.00 ms.
Unloading 3227 Unused Serialized files (Serialized files now loaded: 0)
System memory in use before: 142.2 MB.
System memory in use after: 142.5 MB.

Unloading 32 unused Assets to reduce memory usage. Loaded Objects now: 3969.
Total: 18.182500 ms (FindLiveObjects: 0.276600 ms CreateObjectMapping: 0.082200 ms MarkObjects: 17.796600 ms  DeleteObjects: 0.026100 ms)

========================================================================
Received Prepare
Registering precompiled user dll's ...
Registered in 0.008272 seconds.
Begin MonoManager ReloadAssembly
Native extension for WindowsStandalone target not found
Refreshing native plugins compatible for Editor in 0.91 ms, found 3 plugins.
Preloading 0 native plugins for Editor in 0.00 ms.
Mono: successfully reloaded assembly
- Completed reload, in  1.122 seconds
Platform modules already initialized, skipping
Shader 'Universal Render Pipeline/Particles/Lit': fallback shader 'Universal Render Pipeline/Particles/SimpleLit' not found
Refreshing native plugins compatible for Editor in 0.73 ms, found 3 plugins.
Preloading 0 native plugins for Editor in 0.00 ms.
Unloading 3227 Unused Serialized files (Serialized files now loaded: 0)
System memory in use before: 142.2 MB.
System memory in use after: 142.5 MB.

Unloading 32 unused Assets to reduce memory usage. Loaded Objects now: 3972.
Total: 20.552400 ms (FindLiveObjects: 0.351200 ms CreateObjectMapping: 0.085600 ms MarkObjects: 20.087200 ms  DeleteObjects: 0.026800 ms)

========================================================================
Received Prepare
Registering precompiled user dll's ...
Registered in 0.008049 seconds.
Begin MonoManager ReloadAssembly
Native extension for WindowsStandalone target not found
Refreshing native plugins compatible for Editor in 0.69 ms, found 3 plugins.
Preloading 0 native plugins for Editor in 0.00 ms.
Mono: successfully reloaded assembly
- Completed reload, in  1.100 seconds
Platform modules already initialized, skipping
Shader 'Universal Render Pipeline/Particles/Lit': fallback shader 'Universal Render Pipeline/Particles/SimpleLit' not found
Refreshing native plugins compatible for Editor in 1.09 ms, found 3 plugins.
Preloading 0 native plugins for Editor in 0.00 ms.
Unloading 3227 Unused Serialized files (Serialized files now loaded: 0)
System memory in use before: 142.3 MB.
System memory in use after: 142.5 MB.

Unloading 32 unused Assets to reduce memory usage. Loaded Objects now: 3975.
Total: 19.400600 ms (FindLiveObjects: 0.359400 ms CreateObjectMapping: 0.083700 ms MarkObjects: 18.920800 ms  DeleteObjects: 0.034000 ms)

========================================================================
Received Prepare
Registering precompiled user dll's ...
Registered in 0.007990 seconds.
Begin MonoManager ReloadAssembly
Native extension for WindowsStandalone target not found
Refreshing native plugins compatible for Editor in 0.66 ms, found 3 plugins.
Preloading 0 native plugins for Editor in 0.00 ms.
Mono: successfully reloaded assembly
- Completed reload, in  1.075 seconds
Platform modules already initialized, skipping
Shader 'Universal Render Pipeline/Particles/Lit': fallback shader 'Universal Render Pipeline/Particles/SimpleLit' not found
Refreshing native plugins compatible for Editor in 0.67 ms, found 3 plugins.
Preloading 0 native plugins for Editor in 0.00 ms.
Unloading 3227 Unused Serialized files (Serialized files now loaded: 0)
System memory in use before: 142.3 MB.
System memory in use after: 142.5 MB.

Unloading 32 unused Assets to reduce memory usage. Loaded Objects now: 3978.
Total: 19.453400 ms (FindLiveObjects: 0.308600 ms CreateObjectMapping: 0.085300 ms MarkObjects: 19.033600 ms  DeleteObjects: 0.024700 ms)

AssetImportWorkerClient::OnTransportError - code=2 error=End of file
